854.232
763.755
105.145
736.598
1118.330
586.650
26.508
589.270
1035.474
161.521
1274.495
381.410
1092.243
1529.452
939.749
311.606
53.670
63.752
1017.139
824.135
97.785
759.128
1043.974
320.932
226.069
101.610
352.276
874.988
506.039
210.729
385.826
1307.759
1200.770
235.401
953.074
401.372
584.319
738.732
411.744
351.612
988.754
55.595
153.629
1687.560
242.496
984.438
977.614
619.746
1494.485
481.391
448.926
558.259
293.821
454.767
669.596
1327.458
608.155
997.546
965.906
346.949
605.057
15.812
1026.242
441.629
234.588
106.451
880.024
864.274
1343.564
698.322
236.233
1112.083
368.698
648.182
75.007
1364.581
376.512
651.742
22.768
253.568
563.065
1278.359
1219.751
212.396
242.557
534.998
1297.039
41.326
136.390
643.363
642.600
226.883
336.031
501.285
1034.066
453.332
512.070
742.960
183.752
356.146
